#
# There is insufficient memory for the Java Runtime Environment to continue.
# Native memory allocation (malloc) failed to allocate 1145696 bytes for Chunk::new
# Possible reasons:
#   The system is out of physical RAM or swap space
#   The process is running with CompressedOops enabled, and the Java Heap may be blocking the growth of the native heap
# Possible solutions:
#   Reduce memory load on the system
#   Increase physical memory or swap space
#   Check if swap backing store is full
#   Decrease Java heap size (-Xmx/-Xms)
#   Decrease number of Java threads
#   Decrease Java thread stack sizes (-Xss)
#   Set larger code cache with -XX:ReservedCodeCacheSize=
#   JVM is running with Unscaled Compressed Oops mode in which the Java heap is
#     placed in the first 4GB address space. The Java Heap base address is the
#     maximum limit for the native heap growth. Please use -XX:HeapBaseMinAddress
#     to set the Java Heap base and to place the Java Heap above 4GB virtual address.
# This output file may be truncated or incomplete.
#
#  Out of Memory Error (allocation.cpp:389), pid=15628, tid=0x0000000000004338
#
# JRE version: Java(TM) SE Runtime Environment (8.0_291-b10) (build 1.8.0_291-b10)
# Java VM: Java HotSpot(TM) 64-Bit Server VM (25.291-b10 mixed mode windows-amd64 compressed oops)
# Failed to write core dump. Minidumps are not enabled by default on client versions of Windows
#

---------------  T H R E A D  ---------------

Current thread (0x0000029ff8c38800):  JavaThread "C2 CompilerThread2" daemon [_thread_in_native, id=17208, stack(0x000000a0c5100000,0x000000a0c5200000)]

Stack: [0x000000a0c5100000,0x000000a0c5200000]
Native frames: (J=compiled Java code, j=interpreted, Vv=VM code, C=native code)
V  [jvm.dll+0x32ea19]
V  [jvm.dll+0x275462]
V  [jvm.dll+0x27610d]
V  [jvm.dll+0x26cb45]
V  [jvm.dll+0xd524c]
V  [jvm.dll+0xd5a4c]
V  [jvm.dll+0x452872]
V  [jvm.dll+0x48dcdd]
V  [jvm.dll+0x442871]
V  [jvm.dll+0x43fae4]
V  [jvm.dll+0x42aa57]
V  [jvm.dll+0xabeeb]
V  [jvm.dll+0xaa54b]
V  [jvm.dll+0x23db02]
V  [jvm.dll+0x29210c]
C  [ucrtbase.dll+0x21bb2]
C  [KERNEL32.DLL+0x17034]
C  [ntdll.dll+0x52651]


Current CompileTask:
C2:   2010 1486       4       java.net.URLClassLoader$1::run (5 bytes)


---------------  P R O C E S S  ---------------

Java Threads: ( => current thread )
  0x0000029ff8c45800 JavaThread "Cache worker for file hash cache (C:\Users\DELL\.gradle\caches\6.5\fileHashes)" [_thread_blocked, id=17560, stack(0x000000a0c6300000,0x000000a0c6400000)]
  0x0000029ff8c41800 JavaThread "File lock request listener" [_thread_in_native, id=12236, stack(0x000000a0c6200000,0x000000a0c6300000)]
  0x0000029ff8c42800 JavaThread "Cache worker for journal cache (C:\Users\DELL\.gradle\caches\journal-1)" [_thread_blocked, id=9736, stack(0x000000a0c6100000,0x000000a0c6200000)]
  0x0000029ffbda2000 JavaThread "Thread-9" [_thread_blocked, id=3312, stack(0x000000a0c6000000,0x000000a0c6100000)]
  0x0000029ffbd18000 JavaThread "Stdin handler" [_thread_blocked, id=7756, stack(0x000000a0c5f00000,0x000000a0c6000000)]
  0x0000029ffbd0d800 JavaThread "Asynchronous log dispatcher for DefaultDaemonConnection: socket connection from /127.0.0.1:63599 to /127.0.0.1:63600" [_thread_blocked, id=7676, stack(0x000000a0c5e00000,0x000000a0c5f00000)]
  0x0000029ffbcfb000 JavaThread "Daemon worker" [_thread_in_vm, id=152, stack(0x000000a0c5d00000,0x000000a0c5e00000)]
  0x0000029ffbcf6800 JavaThread "Cancel handler" [_thread_blocked, id=16800, stack(0x000000a0c5c00000,0x000000a0c5d00000)]
  0x0000029ffbcdc000 JavaThread "Handler for socket connection from /127.0.0.1:63599 to /127.0.0.1:63600" [_thread_in_native, id=14332, stack(0x000000a0c5b00000,0x000000a0c5c00000)]
  0x0000029ffbbc9000 JavaThread "Daemon" [_thread_blocked, id=15268, stack(0x000000a0c5a00000,0x000000a0c5b00000)]
  0x0000029ffbc15000 JavaThread "Daemon periodic checks" [_thread_blocked, id=17060, stack(0x000000a0c5900000,0x000000a0c5a00000)]
  0x0000029ffbc6b000 JavaThread "Incoming local TCP Connector on port 63599" [_thread_in_native, id=15404, stack(0x000000a0c5800000,0x000000a0c5900000)]
  0x0000029ffbb47800 JavaThread "Daemon health stats" [_thread_blocked, id=14168, stack(0x000000a0c5500000,0x000000a0c5600000)]
  0x0000029ffa028800 JavaThread "Service Thread" daemon [_thread_blocked, id=18228, stack(0x000000a0c5300000,0x000000a0c5400000)]
  0x0000029ff8c44800 JavaThread "C1 CompilerThread3" daemon [_thread_blocked, id=17672, stack(0x000000a0c5200000,0x000000a0c5300000)]
=>0x0000029ff8c38800 JavaThread "C2 CompilerThread2" daemon [_thread_in_native, id=17208, stack(0x000000a0c5100000,0x000000a0c5200000)]
  0x0000029ff8c33000 JavaThread "C2 CompilerThread1" daemon [_thread_blocked, id=6312, stack(0x000000a0c5000000,0x000000a0c5100000)]
  0x0000029ff8c2d800 JavaThread "C2 CompilerThread0" daemon [_thread_blocked, id=10960, stack(0x000000a0c4f00000,0x000000a0c5000000)]
  0x0000029ff8c2a000 JavaThread "Attach Listener" daemon [_thread_blocked, id=10392, stack(0x000000a0c4e00000,0x000000a0c4f00000)]
  0x0000029ff8c28800 JavaThread "Signal Dispatcher" daemon [_thread_blocked, id=3232, stack(0x000000a0c4d00000,0x000000a0c4e00000)]
  0x0000029ff8c06800 JavaThread "Finalizer" daemon [_thread_blocked, id=20200, stack(0x000000a0c4c00000,0x000000a0c4d00000)]
  0x0000029ff8bfd800 JavaThread "Reference Handler" daemon [_thread_blocked, id=10880, stack(0x000000a0c4b00000,0x000000a0c4c00000)]
  0x0000029ff0fb5800 JavaThread "main" [_thread_blocked, id=16004, stack(0x000000a0c4100000,0x000000a0c4200000)]

Other Threads:
  0x0000029ff8bd3800 VMThread [stack: 0x000000a0c4a00000,0x000000a0c4b00000] [id=11668]
  0x0000029ff8cac800 WatcherThread [stack: 0x000000a0c5400000,0x000000a0c5500000] [id=6052]

VM state:not at safepoint (normal execution)

VM Mutex/Monitor currently owned by a thread: None

heap address: 0x0000000080000000, size: 2048 MB, Compressed Oops mode: 32-bit
Narrow klass base: 0x0000000000000000, Narrow klass shift: 3
Compressed class space size: 1073741824 Address: 0x0000000100000000

Heap:
 PSYoungGen      total 75264K, used 18912K [0x00000000d5580000, 0x00000000da980000, 0x0000000100000000)
  eden space 64512K, 15% used [0x00000000d5580000,0x00000000d5ef7568,0x00000000d9480000)
  from space 10752K, 85% used [0x00000000d9f00000,0x00000000da800b68,0x00000000da980000)
  to   space 10752K, 0% used [0x00000000d9480000,0x00000000d9480000,0x00000000d9f00000)
 ParOldGen       total 172032K, used 24K [0x0000000080000000, 0x000000008a800000, 0x00000000d5580000)
  object space 172032K, 0% used [0x0000000080000000,0x0000000080006000,0x000000008a800000)
 Metaspace       used 16120K, capacity 16800K, committed 17024K, reserved 1064960K
  class space    used 2174K, capacity 2348K, committed 2432K, reserved 1048576K

Card table byte_map: [0x0000029ff2c10000,0x0000029ff3020000] byte_map_base: 0x0000029ff2810000

Marking Bits: (ParMarkBitMap*) 0x0000000056ba7fe0
 Begin Bits: [0x0000029ff32d0000, 0x0000029ff52d0000)
 End Bits:   [0x0000029ff52d0000, 0x0000029ff72d0000)

Polling page: 0x0000029ff0f70000

CodeCache: size=245760Kb used=5319Kb max_used=5319Kb free=240440Kb
 bounds [0x0000029f80000000, 0x0000029f80540000, 0x0000029f8f000000]
 total_blobs=1910 nmethods=1512 adapters=310
 compilation: enabled

Compilation events (10 events):
Event: 1.976 Thread 0x0000029ff8c44800 nmethod 1495 0x0000029f805246d0 code [0x0000029f80524820, 0x0000029f805249d8]
Event: 1.976 Thread 0x0000029ff8c44800 1497       1       com.google.common.collect.RegularImmutableList::size (5 bytes)
Event: 1.976 Thread 0x0000029ff8c44800 nmethod 1497 0x0000029f80527590 code [0x0000029f805276e0, 0x0000029f805277f8]
Event: 1.979 Thread 0x0000029ff8c44800 1498       3       java.util.regex.Pattern$TreeInfo::reset (21 bytes)
Event: 1.980 Thread 0x0000029ff8c44800 nmethod 1498 0x0000029f80527250 code [0x0000029f805273a0, 0x0000029f80527518]
Event: 1.983 Thread 0x0000029ff8c44800 1499       3       java.io.File::<init> (20 bytes)
Event: 1.983 Thread 0x0000029ff8c44800 nmethod 1499 0x0000029f80526990 code [0x0000029f80526ae0, 0x0000029f80526cd8]
Event: 1.984 Thread 0x0000029ff8c44800 1501       3       sun.invoke.util.Wrapper::forPrimitiveType (49 bytes)
Event: 1.984 Thread 0x0000029ff8c44800 nmethod 1501 0x0000029f8052b6d0 code [0x0000029f8052b960, 0x0000029f8052cb20]
Event: 2.002 Thread 0x0000029ff8c2d800 1502       4       java.util.jar.Attributes$Name::hashCode (24 bytes)

GC Heap History (4 events):
Event: 0.635 GC heap before
{Heap before GC invocations=1 (full 0):
 PSYoungGen      total 75264K, used 64512K [0x00000000d5580000, 0x00000000da980000, 0x0000000100000000)
  eden space 64512K, 100% used [0x00000000d5580000,0x00000000d9480000,0x00000000d9480000)
  from space 10752K, 0% used [0x00000000d9f00000,0x00000000d9f00000,0x00000000da980000)
  to   space 10752K, 0% used [0x00000000d9480000,0x00000000d9480000,0x00000000d9f00000)
 ParOldGen       total 172032K, used 0K [0x0000000080000000, 0x000000008a800000, 0x00000000d5580000)
  object space 172032K, 0% used [0x0000000080000000,0x0000000080000000,0x000000008a800000)
 Metaspace       used 7675K, capacity 8034K, committed 8320K, reserved 1056768K
  class space    used 971K, capacity 1081K, committed 1152K, reserved 1048576K
Event: 0.640 GC heap after
Heap after GC invocations=1 (full 0):
 PSYoungGen      total 75264K, used 5771K [0x00000000d5580000, 0x00000000da980000, 0x0000000100000000)
  eden space 64512K, 0% used [0x00000000d5580000,0x00000000d5580000,0x00000000d9480000)
  from space 10752K, 53% used [0x00000000d9480000,0x00000000d9a22cb8,0x00000000d9f00000)
  to   space 10752K, 0% used [0x00000000d9f00000,0x00000000d9f00000,0x00000000da980000)
 ParOldGen       total 172032K, used 16K [0x0000000080000000, 0x000000008a800000, 0x00000000d5580000)
  object space 172032K, 0% used [0x0000000080000000,0x0000000080004000,0x000000008a800000)
 Metaspace       used 7675K, capacity 8034K, committed 8320K, reserved 1056768K
  class space    used 971K, capacity 1081K, committed 1152K, reserved 1048576K
}
Event: 1.949 GC heap before
{Heap before GC invocations=2 (full 0):
 PSYoungGen      total 75264K, used 70283K [0x00000000d5580000, 0x00000000da980000, 0x0000000100000000)
  eden space 64512K, 100% used [0x00000000d5580000,0x00000000d9480000,0x00000000d9480000)
  from space 10752K, 53% used [0x00000000d9480000,0x00000000d9a22cb8,0x00000000d9f00000)
  to   space 10752K, 0% used [0x00000000d9f00000,0x00000000d9f00000,0x00000000da980000)
 ParOldGen       total 172032K, used 16K [0x0000000080000000, 0x000000008a800000, 0x00000000d5580000)
  object space 172032K, 0% used [0x0000000080000000,0x0000000080004000,0x000000008a800000)
 Metaspace       used 14480K, capacity 15048K, committed 15232K, reserved 1062912K
  class space    used 2034K, capacity 2168K, committed 2176K, reserved 1048576K
Event: 1.955 GC heap after
Heap after GC invocations=2 (full 0):
 PSYoungGen      total 75264K, used 9218K [0x00000000d5580000, 0x00000000da980000, 0x0000000100000000)
  eden space 64512K, 0% used [0x00000000d5580000,0x00000000d5580000,0x00000000d9480000)
  from space 10752K, 85% used [0x00000000d9f00000,0x00000000da800b68,0x00000000da980000)
  to   space 10752K, 0% used [0x00000000d9480000,0x00000000d9480000,0x00000000d9f00000)
 ParOldGen       total 172032K, used 24K [0x0000000080000000, 0x000000008a800000, 0x00000000d5580000)
  object space 172032K, 0% used [0x0000000080000000,0x0000000080006000,0x000000008a800000)
 Metaspace       used 14480K, capacity 15048K, committed 15232K, reserved 1062912K
  class space    used 2034K, capacity 2168K, committed 2176K, reserved 1048576K
}

Deoptimization events (10 events):
Event: 1.814 Thread 0x0000029ffbcfb000 Uncommon trap: reason=bimorphic action=maybe_recompile pc=0x0000029f802ad8b0 method=java.util.HashMap.putVal(ILjava/lang/Object;Ljava/lang/Object;ZZ)Ljava/lang/Object; @ 253
Event: 1.814 Thread 0x0000029ffbcfb000 Uncommon trap: reason=bimorphic action=maybe_recompile pc=0x0000029f802ad8b0 method=java.util.HashMap.putVal(ILjava/lang/Object;Ljava/lang/Object;ZZ)Ljava/lang/Object; @ 253
Event: 1.814 Thread 0x0000029ffbcfb000 Uncommon trap: reason=bimorphic action=maybe_recompile pc=0x0000029f802ad8b0 method=java.util.HashMap.putVal(ILjava/lang/Object;Ljava/lang/Object;ZZ)Ljava/lang/Object; @ 253
Event: 1.814 Thread 0x0000029ffbcfb000 Uncommon trap: reason=bimorphic action=maybe_recompile pc=0x0000029f802ad8b0 method=java.util.HashMap.putVal(ILjava/lang/Object;Ljava/lang/Object;ZZ)Ljava/lang/Object; @ 253
Event: 1.815 Thread 0x0000029ffbcfb000 Uncommon trap: reason=bimorphic action=maybe_recompile pc=0x0000029f802b1a08 method=java.util.HashMap.putVal(ILjava/lang/Object;Ljava/lang/Object;ZZ)Ljava/lang/Object; @ 253
Event: 1.927 Thread 0x0000029ffbcfb000 Uncommon trap: reason=class_check action=maybe_recompile pc=0x0000029f8032b198 method=java.util.regex.Matcher.match(II)Z @ 86
Event: 1.934 Thread 0x0000029ffbcfb000 Uncommon trap: reason=class_check action=maybe_recompile pc=0x0000029f8032b198 method=java.util.regex.Matcher.match(II)Z @ 86
Event: 1.934 Thread 0x0000029ffbcfb000 Uncommon trap: reason=class_check action=maybe_recompile pc=0x0000029f8032b198 method=java.util.regex.Matcher.match(II)Z @ 86
Event: 1.934 Thread 0x0000029ffbcfb000 Uncommon trap: reason=class_check action=maybe_recompile pc=0x0000029f801b3544 method=java.util.regex.Matcher.match(II)Z @ 86
Event: 1.985 Thread 0x0000029ffbcfb000 Uncommon trap: reason=unstable_if action=reinterpret pc=0x0000029f80327154 method=java.io.File.getName()Ljava/lang/String; @ 16

Classes redefined (0 events):
No events

Internal exceptions (10 events):
Event: 1.782 Thread 0x0000029ffbcdc000 Exception <a 'java/lang/NoSuchMethodError': <clinit>> (0x00000000d75f79c8) thrown at [C:\jenkins\workspace\8-2-build-windows-amd64-cygwin\jdk8u291\1294\hotspot\src\share\vm\prims\jni.cpp, line 1615]
Event: 1.784 Thread 0x0000029ffbcdc000 Exception <a 'java/lang/NoSuchMethodError': <clinit>> (0x00000000d760a358) thrown at [C:\jenkins\workspace\8-2-build-windows-amd64-cygwin\jdk8u291\1294\hotspot\src\share\vm\prims\jni.cpp, line 1615]
Event: 1.787 Thread 0x0000029ffbcdc000 Exception <a 'java/lang/NoSuchMethodError': <clinit>> (0x00000000d7631430) thrown at [C:\jenkins\workspace\8-2-build-windows-amd64-cygwin\jdk8u291\1294\hotspot\src\share\vm\prims\jni.cpp, line 1615]
Event: 1.788 Thread 0x0000029ffbcdc000 Exception <a 'java/lang/NoSuchMethodError': <clinit>> (0x00000000d7648f60) thrown at [C:\jenkins\workspace\8-2-build-windows-amd64-cygwin\jdk8u291\1294\hotspot\src\share\vm\prims\jni.cpp, line 1615]
Event: 1.789 Thread 0x0000029ffbcdc000 Exception <a 'java/lang/NoSuchMethodError': <clinit>> (0x00000000d7651b18) thrown at [C:\jenkins\workspace\8-2-build-windows-amd64-cygwin\jdk8u291\1294\hotspot\src\share\vm\prims\jni.cpp, line 1615]
Event: 1.790 Thread 0x0000029ffbcdc000 Exception <a 'java/lang/NoSuchMethodError': <clinit>> (0x00000000d7667ed8) thrown at [C:\jenkins\workspace\8-2-build-windows-amd64-cygwin\jdk8u291\1294\hotspot\src\share\vm\prims\jni.cpp, line 1615]
Event: 1.796 Thread 0x0000029ffbcdc000 Exception <a 'java/lang/NoSuchMethodError': <clinit>> (0x00000000d76e1b90) thrown at [C:\jenkins\workspace\8-2-build-windows-amd64-cygwin\jdk8u291\1294\hotspot\src\share\vm\prims\jni.cpp, line 1615]
Event: 1.798 Thread 0x0000029ffbcdc000 Exception <a 'java/lang/NoSuchMethodError': <clinit>> (0x00000000d77112e8) thrown at [C:\jenkins\workspace\8-2-build-windows-amd64-cygwin\jdk8u291\1294\hotspot\src\share\vm\prims\jni.cpp, line 1615]
Event: 1.801 Thread 0x0000029ffbcdc000 Exception <a 'java/lang/NoSuchMethodError': <clinit>> (0x00000000d773f8b0) thrown at [C:\jenkins\workspace\8-2-build-windows-amd64-cygwin\jdk8u291\1294\hotspot\src\share\vm\prims\jni.cpp, line 1615]
Event: 1.802 Thread 0x0000029ffbcdc000 Exception <a 'java/lang/NoSuchMethodError': <clinit>> (0x00000000d774bd40) thrown at [C:\jenkins\workspace\8-2-build-windows-amd64-cygwin\jdk8u291\1294\hotspot\src\share\vm\prims\jni.cpp, line 1615]

Events (10 events):
Event: 2.002 loading class com/google/common/math/IntMath
Event: 2.002 loading class com/google/common/math/IntMath done
Event: 2.002 loading class com/google/common/math/MathPreconditions
Event: 2.002 loading class com/google/common/math/MathPreconditions done
Event: 2.003 loading class com/google/common/math/IntMath$1
Event: 2.003 loading class com/google/common/math/IntMath$1 done
Event: 2.003 loading class com/google/common/util/concurrent/Striped$PaddedLock
Event: 2.003 loading class com/google/common/util/concurrent/Striped$PaddedLock done
Event: 2.003 loading class org/gradle/internal/snapshot/impl/DirectorySnapshotter
Event: 2.003 loading class org/gradle/internal/snapshot/impl/DirectorySnapshotter done


Dynamic libraries:
0x00007ff6d7d40000 - 0x00007ff6d7d87000 	C:\Program Files\Java\jdk1.8.0_291\bin\java.exe
0x00007ff822a90000 - 0x00007ff822c85000 	C:\Windows\SYSTEM32\ntdll.dll
0x00007ff821630000 - 0x00007ff8216ed000 	C:\Windows\System32\KERNEL32.DLL
0x00007ff8204e0000 - 0x00007ff8207a9000 	C:\Windows\System32\KERNELBASE.dll
0x0000000059b90000 - 0x0000000059c36000 	C:\Windows\System32\SYSFER.DLL
0x00007ff8221e0000 - 0x00007ff82228c000 	C:\Windows\System32\ADVAPI32.dll
0x00007ff822440000 - 0x00007ff8224de000 	C:\Windows\System32\msvcrt.dll
0x00007ff821300000 - 0x00007ff82139b000 	C:\Windows\System32\sechost.dll
0x00007ff8213a0000 - 0x00007ff8214ca000 	C:\Windows\System32\RPCRT4.dll
0x00007ff822290000 - 0x00007ff822430000 	C:\Windows\System32\USER32.dll
0x00007ff820270000 - 0x00007ff820292000 	C:\Windows\System32\win32u.dll
0x00007ff822540000 - 0x00007ff82256a000 	C:\Windows\System32\GDI32.dll
0x00007ff8207b0000 - 0x00007ff8208bb000 	C:\Windows\System32\gdi32full.dll
0x00007ff8201d0000 - 0x00007ff82026d000 	C:\Windows\System32\msvcp_win.dll
0x00007ff820910000 - 0x00007ff820a10000 	C:\Windows\System32\ucrtbase.dll
0x00007ff809d80000 - 0x00007ff80a01a000 	C:\Windows\WinSxS\amd64_microsoft.windows.common-controls_6595b64144ccf1df_6.0.19041.1110_none_60b5254171f9507e\COMCTL32.dll
0x00007ff8212d0000 - 0x00007ff821300000 	C:\Windows\System32\IMM32.DLL
0x00007ff8046d0000 - 0x00007ff8046e5000 	C:\Program Files\Java\jdk1.8.0_291\jre\bin\vcruntime140.dll
0x00007fffca780000 - 0x00007fffca81b000 	C:\Program Files\Java\jdk1.8.0_291\jre\bin\msvcp140.dll
0x00000000563c0000 - 0x0000000056c20000 	C:\Program Files\Java\jdk1.8.0_291\jre\bin\server\jvm.dll
0x00007ff821ad0000 - 0x00007ff821ad8000 	C:\Windows\System32\PSAPI.DLL
0x00007ff807540000 - 0x00007ff807549000 	C:\Windows\SYSTEM32\WSOCK32.dll
0x00007ff821880000 - 0x00007ff8218eb000 	C:\Windows\System32\WS2_32.dll
0x00007ff81e7e0000 - 0x00007ff81e807000 	C:\Windows\SYSTEM32\WINMM.dll
0x00007ff8151b0000 - 0x00007ff8151ba000 	C:\Windows\SYSTEM32\VERSION.dll
0x00007ff81ecc0000 - 0x00007ff81ecd2000 	C:\Windows\SYSTEM32\kernel.appcore.dll
0x00007ff813030000 - 0x00007ff813040000 	C:\Program Files\Java\jdk1.8.0_291\jre\bin\verify.dll
0x00007fffe5e90000 - 0x00007fffe5ebb000 	C:\Program Files\Java\jdk1.8.0_291\jre\bin\java.dll
0x00007ffff7ca0000 - 0x00007ffff7cb8000 	C:\Program Files\Java\jdk1.8.0_291\jre\bin\zip.dll
0x00007ff820b00000 - 0x00007ff82123f000 	C:\Windows\System32\SHELL32.dll
0x00007ff81dd50000 - 0x00007ff81e4e1000 	C:\Windows\SYSTEM32\windows.storage.dll
0x00007ff822570000 - 0x00007ff8228c5000 	C:\Windows\System32\combase.dll
0x00007ff81fc40000 - 0x00007ff81fc6c000 	C:\Windows\SYSTEM32\Wldp.dll
0x00007ff8217d0000 - 0x00007ff82187e000 	C:\Windows\System32\SHCORE.dll
0x00007ff8215d0000 - 0x00007ff821625000 	C:\Windows\System32\shlwapi.dll
0x00007ff820110000 - 0x00007ff82012f000 	C:\Windows\SYSTEM32\profapi.dll
0x00007fffe5e70000 - 0x00007fffe5e8c000 	C:\Program Files\Java\jdk1.8.0_291\jre\bin\net.dll
0x00007ff81f9a0000 - 0x00007ff81fa0a000 	C:\Windows\system32\mswsock.dll
0x00007fffe5a30000 - 0x00007fffe5a43000 	C:\Program Files\Java\jdk1.8.0_291\jre\bin\nio.dll
0x00007fffe46d0000 - 0x00007fffe46f7000 	C:\Users\DELL\.gradle\native\f6784746aeab05261644944871eae4fe03e0ef1612fff0a4a95f87b438bc6780\windows-amd64\native-platform.dll
0x00007ff8099c0000 - 0x00007ff8099cd000 	C:\Program Files\Java\jdk1.8.0_291\jre\bin\management.dll
0x00007ff81fb80000 - 0x00007ff81fb98000 	C:\Windows\SYSTEM32\CRYPTSP.dll
0x00007ff81f2a0000 - 0x00007ff81f2d4000 	C:\Windows\system32\rsaenh.dll
0x00007ff8202a0000 - 0x00007ff8202c7000 	C:\Windows\System32\bcrypt.dll
0x00007ff8200d0000 - 0x00007ff8200fe000 	C:\Windows\SYSTEM32\USERENV.dll
0x00007ff820a10000 - 0x00007ff820a93000 	C:\Windows\System32\bcryptprimitives.dll
0x00007ff81fba0000 - 0x00007ff81fbac000 	C:\Windows\SYSTEM32\CRYPTBASE.dll
0x00007ff81f640000 - 0x00007ff81f67b000 	C:\Windows\SYSTEM32\IPHLPAPI.DLL
0x00007ff822430000 - 0x00007ff822438000 	C:\Windows\System32\NSI.dll
0x00007ff814850000 - 0x00007ff814867000 	C:\Windows\SYSTEM32\dhcpcsvc6.DLL
0x00007ff814940000 - 0x00007ff81495d000 	C:\Windows\SYSTEM32\dhcpcsvc.DLL
0x00007ff81f690000 - 0x00007ff81f75c000 	C:\Windows\SYSTEM32\DNSAPI.dll
0x00007ff817510000 - 0x00007ff81751b000 	C:\Windows\SYSTEM32\WINNSI.DLL
0x00007ff81e5c0000 - 0x00007ff81e7a4000 	C:\Windows\SYSTEM32\dbghelp.dll

VM Arguments:
jvm_args: -Xmx2048m -Dfile.encoding=UTF-8 -Duser.country=EC -Duser.language=es -Duser.variant 
java_command: org.gradle.launcher.daemon.bootstrap.GradleDaemon 6.5
java_class_path (initial): C:\Users\DELL\.gradle\wrapper\dists\gradle-6.5-bin\6nifqtx7604sqp1q6g8wikw7p\gradle-6.5\lib\gradle-launcher-6.5.jar
Launcher Type: SUN_STANDARD

Environment Variables:
JAVA_HOME=C:\Program Files\Java\jdk1.8.0_291
PATH=C:\Program Files (x86)\Common Files\Oracle\Java\javapath;C:\Windows\system32;C:\Windows;C:\Windows\System32\Wbem;C:\Windows\System32\WindowsPowerShell\v1.0\;C:\Windows\System32\OpenSSH\;C:\Program Files\nodejs\;C:\Program Files\Java\jdk1.8.0_291\bin;C:\ProgramasNoInstalables\apache-maven-3.6.1\bin;C:\Program Files\Git\cmd;C:\Program Files\MariaDB 10.5\bin;C:\Program Files (x86)\Microsoft SQL Server\150\DTS\Binn\;C:\Program Files\Azure Data Studio\bin;C:\Program Files (x86)\Calibre2\;C:\ProgramasNoInstalables\ffmpeg\bin;C:\Users\DELL\AppData\Local\Microsoft\WindowsApps;C:\Users\DELL\AppData\Roaming\npm;C:\Users\DELL\AppData\Local\Programs\Microsoft VS Code\bin;C:\Program Files\Azure Data Studio\bin
USERNAME=DELL
OS=Windows_NT
PROCESSOR_IDENTIFIER=Intel64 Family 6 Model 140 Stepping 1, GenuineIntel



---------------  S Y S T E M  ---------------

OS: Windows 10.0 , 64 bit Build 19041 (10.0.19041.1023)

CPU:total 8 (initial active 8) (4 cores per cpu, 2 threads per core) family 6 model 140 stepping 1, cmov, cx8, fxsr, mmx, sse, sse2, sse3, ssse3, sse4.1, sse4.2, popcnt, avx, avx2, aes, clmul, erms, 3dnowpref, lzcnt, ht, tsc, tscinvbit, bmi1, bmi2, adx

Memory: 4k page, physical 16493352k(2546536k free), swap 19565352k(4212k free)

vm_info: Java HotSpot(TM) 64-Bit Server VM (25.291-b10) for windows-amd64 JRE (1.8.0_291-b10), built on Apr  9 2021 00:02:00 by "java_re" with MS VC++ 15.9 (VS2017)

time: Fri Jul 23 21:55:07 2021
timezone: Hora est. Pacífico, Sudamérica
elapsed time: 2.012877 seconds (0d 0h 0m 2s)

