#
# There is insufficient memory for the Java Runtime Environment to continue.
# Native memory allocation (malloc) failed to allocate 981216 bytes for Chunk::new
# Possible reasons:
#   The system is out of physical RAM or swap space
#   The process is running with CompressedOops enabled, and the Java Heap may be blocking the growth of the native heap
# Possible solutions:
#   Reduce memory load on the system
#   Increase physical memory or swap space
#   Check if swap backing store is full
#   Decrease Java heap size (-Xmx/-Xms)
#   Decrease number of Java threads
#   Decrease Java thread stack sizes (-Xss)
#   Set larger code cache with -XX:ReservedCodeCacheSize=
#   JVM is running with Unscaled Compressed Oops mode in which the Java heap is
#     placed in the first 4GB address space. The Java Heap base address is the
#     maximum limit for the native heap growth. Please use -XX:HeapBaseMinAddress
#     to set the Java Heap base and to place the Java Heap above 4GB virtual address.
# This output file may be truncated or incomplete.
#
#  Out of Memory Error (allocation.cpp:389), pid=18548, tid=0x00000000000004fc
#
# JRE version: Java(TM) SE Runtime Environment (8.0_291-b10) (build 1.8.0_291-b10)
# Java VM: Java HotSpot(TM) 64-Bit Server VM (25.291-b10 mixed mode windows-amd64 compressed oops)
# Failed to write core dump. Minidumps are not enabled by default on client versions of Windows
#

---------------  T H R E A D  ---------------

Current thread (0x0000018b79c56800):  JavaThread "C2 CompilerThread0" daemon [_thread_in_native, id=1276, stack(0x0000007173500000,0x0000007173600000)]

Stack: [0x0000007173500000,0x0000007173600000]
Native frames: (J=compiled Java code, j=interpreted, Vv=VM code, C=native code)
V  [jvm.dll+0x32ea19]


Current CompileTask:
C2:   4440 1465       4       java.net.URLClassLoader$1::run (5 bytes)


---------------  P R O C E S S  ---------------

Java Threads: ( => current thread )
  0x0000018b7da14800 JavaThread "Cache worker for file hash cache (C:\Users\DELL\.gradle\caches\6.5\fileHashes)" [_thread_blocked, id=12576, stack(0x0000007174900000,0x0000007174a00000)]
  0x0000018b7da13800 JavaThread "File lock request listener" [_thread_in_native, id=12296, stack(0x0000007174800000,0x0000007174900000)]
  0x0000018b7da16000 JavaThread "Cache worker for journal cache (C:\Users\DELL\.gradle\caches\journal-1)" [_thread_blocked, id=15324, stack(0x0000007174700000,0x0000007174800000)]
  0x0000018b7d9bf000 JavaThread "Thread-9" [_thread_blocked, id=21888, stack(0x0000007174600000,0x0000007174700000)]
  0x0000018b7d98a000 JavaThread "Stdin handler" [_thread_blocked, id=17688, stack(0x0000007174500000,0x0000007174600000)]
  0x0000018b7d9ba800 JavaThread "Asynchronous log dispatcher for DefaultDaemonConnection: socket connection from /127.0.0.1:64846 to /127.0.0.1:64847" [_thread_blocked, id=7004, stack(0x0000007174400000,0x0000007174500000)]
  0x0000018b7d67b800 JavaThread "Daemon worker" [_thread_in_vm, id=10612, stack(0x0000007174300000,0x0000007174400000)]
  0x0000018b7d9c1000 JavaThread "Cancel handler" [_thread_blocked, id=15548, stack(0x0000007174200000,0x0000007174300000)]
  0x0000018b7d8f2800 JavaThread "Handler for socket connection from /127.0.0.1:64846 to /127.0.0.1:64847" [_thread_in_native, id=21132, stack(0x0000007174100000,0x0000007174200000)]
  0x0000018b7d8f1800 JavaThread "Daemon" [_thread_blocked, id=19944, stack(0x0000007174000000,0x0000007174100000)]
  0x0000018b7d8ef800 JavaThread "Daemon periodic checks" [_thread_blocked, id=15856, stack(0x0000007173f00000,0x0000007174000000)]
  0x0000018b7d8e8800 JavaThread "Incoming local TCP Connector on port 64846" [_thread_in_native, id=16648, stack(0x0000007173e00000,0x0000007173f00000)]
  0x0000018b7d60f800 JavaThread "Daemon health stats" [_thread_blocked, id=22232, stack(0x0000007173b00000,0x0000007173c00000)]
  0x0000018b7bad0800 JavaThread "Service Thread" daemon [_thread_blocked, id=17656, stack(0x0000007173900000,0x0000007173a00000)]
  0x0000018b79c61000 JavaThread "C1 CompilerThread3" daemon [_thread_blocked, id=388, stack(0x0000007173800000,0x0000007173900000)]
  0x0000018b79c5c000 JavaThread "C2 CompilerThread2" daemon [_thread_blocked, id=13468, stack(0x0000007173700000,0x0000007173800000)]
  0x0000018b79c5b000 JavaThread "C2 CompilerThread1" daemon [_thread_blocked, id=13232, stack(0x0000007173600000,0x0000007173700000)]
=>0x0000018b79c56800 JavaThread "C2 CompilerThread0" daemon [_thread_in_native, id=1276, stack(0x0000007173500000,0x0000007173600000)]
  0x0000018b79c55800 JavaThread "Attach Listener" daemon [_thread_blocked, id=7888, stack(0x0000007173400000,0x0000007173500000)]
  0x0000018b79c54800 JavaThread "Signal Dispatcher" daemon [_thread_blocked, id=22444, stack(0x0000007173300000,0x0000007173400000)]
  0x0000018b79c31000 JavaThread "Finalizer" daemon [_thread_blocked, id=21832, stack(0x0000007173200000,0x0000007173300000)]
  0x0000018b79c22000 JavaThread "Reference Handler" daemon [_thread_blocked, id=21036, stack(0x0000007173100000,0x0000007173200000)]
  0x0000018b639c6800 JavaThread "main" [_thread_blocked, id=19012, stack(0x0000007172700000,0x0000007172800000)]

Other Threads:
  0x0000018b79bf8800 VMThread [stack: 0x0000007173000000,0x0000007173100000] [id=11724]
  0x0000018b79cce000 WatcherThread [stack: 0x0000007173a00000,0x0000007173b00000] [id=13912]

VM state:not at safepoint (normal execution)

VM Mutex/Monitor currently owned by a thread: None

heap address: 0x0000000080000000, size: 2048 MB, Compressed Oops mode: 32-bit
Narrow klass base: 0x0000000000000000, Narrow klass shift: 3
Compressed class space size: 1073741824 Address: 0x0000000100000000

Heap:
 PSYoungGen      total 75264K, used 16378K [0x00000000d5580000, 0x00000000da980000, 0x0000000100000000)
  eden space 64512K, 11% used [0x00000000d5580000,0x00000000d5c92668,0x00000000d9480000)
  from space 10752K, 84% used [0x00000000d9f00000,0x00000000da7ec198,0x00000000da980000)
  to   space 10752K, 0% used [0x00000000d9480000,0x00000000d9480000,0x00000000d9f00000)
 ParOldGen       total 172032K, used 24K [0x0000000080000000, 0x000000008a800000, 0x00000000d5580000)
  object space 172032K, 0% used [0x0000000080000000,0x0000000080006000,0x000000008a800000)
 Metaspace       used 15500K, capacity 16066K, committed 16384K, reserved 1062912K
  class space    used 2098K, capacity 2223K, committed 2304K, reserved 1048576K

Card table byte_map: [0x0000018b746e0000,0x0000018b74af0000] byte_map_base: 0x0000018b742e0000

Marking Bits: (ParMarkBitMap*) 0x0000000063a27fe0
 Begin Bits: [0x0000018b74da0000, 0x0000018b76da0000)
 End Bits:   [0x0000018b76da0000, 0x0000018b78da0000)

Polling page: 0x0000018b652f0000

CodeCache: size=245760Kb used=5264Kb max_used=5264Kb free=240495Kb
 bounds [0x0000018b65320000, 0x0000018b65850000, 0x0000018b74320000]
 total_blobs=1866 nmethods=1476 adapters=302
 compilation: enabled

Compilation events (10 events):
Event: 4.392 Thread 0x0000018b79c61000 1474       1       com.google.common.collect.RegularImmutableList::size (5 bytes)
Event: 4.392 Thread 0x0000018b79c61000 nmethod 1474 0x0000018b65840250 code [0x0000018b658403a0, 0x0000018b658404b8]
Event: 4.406 Thread 0x0000018b79c61000 1475       3       java.util.regex.Pattern$TreeInfo::reset (21 bytes)
Event: 4.407 Thread 0x0000018b79c61000 nmethod 1475 0x0000018b6583ec50 code [0x0000018b6583eda0, 0x0000018b6583ef18]
Event: 4.420 Thread 0x0000018b79c61000 1476       3       java.io.File::<init> (20 bytes)
Event: 4.420 Thread 0x0000018b79c61000 nmethod 1476 0x0000018b6583e3d0 code [0x0000018b6583e520, 0x0000018b6583e718]
Event: 4.426 Thread 0x0000018b79c61000 1478       3       sun.reflect.ClassFileAssembler::emitConstantPoolNameAndType (28 bytes)
Event: 4.427 Thread 0x0000018b79c61000 nmethod 1478 0x0000018b658455d0 code [0x0000018b658457c0, 0x0000018b65845eb0]
Event: 4.427 Thread 0x0000018b79c61000 1479       3       sun.security.provider.ByteArrayAccess::b2iBig64 (614 bytes)
Event: 4.429 Thread 0x0000018b79c61000 nmethod 1479 0x0000018b65846410 code [0x0000018b65846620, 0x0000018b658473f0]

GC Heap History (4 events):
Event: 1.411 GC heap before
{Heap before GC invocations=1 (full 0):
 PSYoungGen      total 75264K, used 64512K [0x00000000d5580000, 0x00000000da980000, 0x0000000100000000)
  eden space 64512K, 100% used [0x00000000d5580000,0x00000000d9480000,0x00000000d9480000)
  from space 10752K, 0% used [0x00000000d9f00000,0x00000000d9f00000,0x00000000da980000)
  to   space 10752K, 0% used [0x00000000d9480000,0x00000000d9480000,0x00000000d9f00000)
 ParOldGen       total 172032K, used 0K [0x0000000080000000, 0x000000008a800000, 0x00000000d5580000)
  object space 172032K, 0% used [0x0000000080000000,0x0000000080000000,0x000000008a800000)
 Metaspace       used 7685K, capacity 8022K, committed 8320K, reserved 1056768K
  class space    used 971K, capacity 1081K, committed 1152K, reserved 1048576K
Event: 1.419 GC heap after
Heap after GC invocations=1 (full 0):
 PSYoungGen      total 75264K, used 5805K [0x00000000d5580000, 0x00000000da980000, 0x0000000100000000)
  eden space 64512K, 0% used [0x00000000d5580000,0x00000000d5580000,0x00000000d9480000)
  from space 10752K, 53% used [0x00000000d9480000,0x00000000d9a2b620,0x00000000d9f00000)
  to   space 10752K, 0% used [0x00000000d9f00000,0x00000000d9f00000,0x00000000da980000)
 ParOldGen       total 172032K, used 16K [0x0000000080000000, 0x000000008a800000, 0x00000000d5580000)
  object space 172032K, 0% used [0x0000000080000000,0x0000000080004000,0x000000008a800000)
 Metaspace       used 7685K, capacity 8022K, committed 8320K, reserved 1056768K
  class space    used 971K, capacity 1081K, committed 1152K, reserved 1048576K
}
Event: 4.312 GC heap before
{Heap before GC invocations=2 (full 0):
 PSYoungGen      total 75264K, used 70317K [0x00000000d5580000, 0x00000000da980000, 0x0000000100000000)
  eden space 64512K, 100% used [0x00000000d5580000,0x00000000d9480000,0x00000000d9480000)
  from space 10752K, 53% used [0x00000000d9480000,0x00000000d9a2b620,0x00000000d9f00000)
  to   space 10752K, 0% used [0x00000000d9f00000,0x00000000d9f00000,0x00000000da980000)
 ParOldGen       total 172032K, used 16K [0x0000000080000000, 0x000000008a800000, 0x00000000d5580000)
  object space 172032K, 0% used [0x0000000080000000,0x0000000080004000,0x000000008a800000)
 Metaspace       used 14445K, capacity 14964K, committed 15232K, reserved 1062912K
  class space    used 2027K, capacity 2156K, committed 2176K, reserved 1048576K
Event: 4.324 GC heap after
Heap after GC invocations=2 (full 0):
 PSYoungGen      total 75264K, used 9136K [0x00000000d5580000, 0x00000000da980000, 0x0000000100000000)
  eden space 64512K, 0% used [0x00000000d5580000,0x00000000d5580000,0x00000000d9480000)
  from space 10752K, 84% used [0x00000000d9f00000,0x00000000da7ec198,0x00000000da980000)
  to   space 10752K, 0% used [0x00000000d9480000,0x00000000d9480000,0x00000000d9f00000)
 ParOldGen       total 172032K, used 24K [0x0000000080000000, 0x000000008a800000, 0x00000000d5580000)
  object space 172032K, 0% used [0x0000000080000000,0x0000000080006000,0x000000008a800000)
 Metaspace       used 14445K, capacity 14964K, committed 15232K, reserved 1062912K
  class space    used 2027K, capacity 2156K, committed 2176K, reserved 1048576K
}

Deoptimization events (10 events):
Event: 3.851 Thread 0x0000018b7d67b800 Uncommon trap: reason=bimorphic action=maybe_recompile pc=0x0000018b655ca73c method=java.util.HashMap.putVal(ILjava/lang/Object;Ljava/lang/Object;ZZ)Ljava/lang/Object; @ 253
Event: 3.852 Thread 0x0000018b7d67b800 Uncommon trap: reason=bimorphic action=maybe_recompile pc=0x0000018b655ca73c method=java.util.HashMap.putVal(ILjava/lang/Object;Ljava/lang/Object;ZZ)Ljava/lang/Object; @ 253
Event: 3.852 Thread 0x0000018b7d67b800 Uncommon trap: reason=bimorphic action=maybe_recompile pc=0x0000018b655ca73c method=java.util.HashMap.putVal(ILjava/lang/Object;Ljava/lang/Object;ZZ)Ljava/lang/Object; @ 253
Event: 3.852 Thread 0x0000018b7d67b800 Uncommon trap: reason=bimorphic action=maybe_recompile pc=0x0000018b655ca73c method=java.util.HashMap.putVal(ILjava/lang/Object;Ljava/lang/Object;ZZ)Ljava/lang/Object; @ 253
Event: 4.230 Thread 0x0000018b7d67b800 Uncommon trap: reason=class_check action=maybe_recompile pc=0x0000018b656489d8 method=java.util.regex.Matcher.match(II)Z @ 86
Event: 4.254 Thread 0x0000018b7d67b800 Uncommon trap: reason=class_check action=maybe_recompile pc=0x0000018b656489d8 method=java.util.regex.Matcher.match(II)Z @ 86
Event: 4.255 Thread 0x0000018b7d67b800 Uncommon trap: reason=class_check action=maybe_recompile pc=0x0000018b656489d8 method=java.util.regex.Matcher.match(II)Z @ 86
Event: 4.255 Thread 0x0000018b7d67b800 Uncommon trap: reason=class_check action=maybe_recompile pc=0x0000018b654dfc04 method=java.util.regex.Matcher.match(II)Z @ 86
Event: 4.426 Thread 0x0000018b7d67b800 Uncommon trap: reason=unstable_if action=reinterpret pc=0x0000018b6564e314 method=java.io.File.getName()Ljava/lang/String; @ 16
Event: 4.426 Thread 0x0000018b7d67b800 Uncommon trap: reason=unstable_if action=reinterpret pc=0x0000018b65641f64 method=java.lang.String.substring(I)Ljava/lang/String; @ 35

Classes redefined (0 events):
No events

Internal exceptions (10 events):
Event: 0.863 Thread 0x0000018b639c6800 Exception <a 'java/lang/ArrayIndexOutOfBoundsException'> (0x00000000d6b569c0) thrown at [C:\jenkins\workspace\8-2-build-windows-amd64-cygwin\jdk8u291\1294\hotspot\src\share\vm\runtime\sharedRuntime.cpp, line 609]
Event: 1.529 Thread 0x0000018b639c6800 Implicit null exception at 0x0000018b6548f4e2 to 0x0000018b6548f6a1
Event: 3.653 Thread 0x0000018b639c6800 Exception <a 'java/io/IOException'> (0x00000000d72b98c0) thrown at [C:\jenkins\workspace\8-2-build-windows-amd64-cygwin\jdk8u291\1294\hotspot\src\share\vm\prims\jni.cpp, line 710]
Event: 3.766 Thread 0x0000018b7d8f2800 Exception <a 'java/lang/NoSuchMethodError': <clinit>> (0x00000000d75d0a78) thrown at [C:\jenkins\workspace\8-2-build-windows-amd64-cygwin\jdk8u291\1294\hotspot\src\share\vm\prims\jni.cpp, line 1615]
Event: 3.768 Thread 0x0000018b7d8f2800 Exception <a 'java/lang/NoSuchMethodError': <clinit>> (0x00000000d75da198) thrown at [C:\jenkins\workspace\8-2-build-windows-amd64-cygwin\jdk8u291\1294\hotspot\src\share\vm\prims\jni.cpp, line 1615]
Event: 3.771 Thread 0x0000018b7d8f2800 Exception <a 'java/lang/NoSuchMethodError': <clinit>> (0x00000000d75ee780) thrown at [C:\jenkins\workspace\8-2-build-windows-amd64-cygwin\jdk8u291\1294\hotspot\src\share\vm\prims\jni.cpp, line 1615]
Event: 3.790 Thread 0x0000018b7d8f2800 Exception <a 'java/lang/NoSuchMethodError': <clinit>> (0x00000000d765b920) thrown at [C:\jenkins\workspace\8-2-build-windows-amd64-cygwin\jdk8u291\1294\hotspot\src\share\vm\prims\jni.cpp, line 1615]
Event: 3.801 Thread 0x0000018b7d8f2800 Exception <a 'java/lang/NoSuchMethodError': <clinit>> (0x00000000d7695f28) thrown at [C:\jenkins\workspace\8-2-build-windows-amd64-cygwin\jdk8u291\1294\hotspot\src\share\vm\prims\jni.cpp, line 1615]
Event: 3.810 Thread 0x0000018b7d8f2800 Exception <a 'java/lang/NoSuchMethodError': <clinit>> (0x00000000d76cba60) thrown at [C:\jenkins\workspace\8-2-build-windows-amd64-cygwin\jdk8u291\1294\hotspot\src\share\vm\prims\jni.cpp, line 1615]
Event: 3.812 Thread 0x0000018b7d8f2800 Exception <a 'java/lang/NoSuchMethodError': <clinit>> (0x00000000d76d7fd8) thrown at [C:\jenkins\workspace\8-2-build-windows-amd64-cygwin\jdk8u291\1294\hotspot\src\share\vm\prims\jni.cpp, line 1615]

Events (10 events):
Event: 4.432 loading class com/google/common/io/Closer$Suppressor
Event: 4.432 loading class com/google/common/io/Closer$Suppressor done
Event: 4.433 loading class com/google/common/io/Closer$SuppressingSuppressor
Event: 4.433 loading class com/google/common/io/Closer$SuppressingSuppressor done
Event: 4.434 loading class java/io/PrintWriter
Event: 4.434 loading class java/io/PrintWriter done
Event: 4.437 loading class com/google/common/hash/PrimitiveSink
Event: 4.437 loading class com/google/common/hash/PrimitiveSink done
Event: 4.437 loading class com/google/common/io/ByteSource$ConcatenatedByteSource
Event: 4.437 loading class com/google/common/io/ByteSource$ConcatenatedByteSource done


Dynamic libraries:
0x00007ff685e30000 - 0x00007ff685e77000 	C:\Program Files\Java\jdk1.8.0_291\bin\java.exe
0x00007ff8ac3b0000 - 0x00007ff8ac5a5000 	C:\Windows\SYSTEM32\ntdll.dll
0x00007ff8aa420000 - 0x00007ff8aa4dd000 	C:\Windows\System32\KERNEL32.DLL
0x00007ff8a9eb0000 - 0x00007ff8aa179000 	C:\Windows\System32\KERNELBASE.dll
0x0000000065670000 - 0x0000000065716000 	C:\Windows\System32\SYSFER.DLL
0x00007ff8aa500000 - 0x00007ff8aa5ac000 	C:\Windows\System32\ADVAPI32.dll
0x00007ff8ab1d0000 - 0x00007ff8ab26e000 	C:\Windows\System32\msvcrt.dll
0x00007ff8ac170000 - 0x00007ff8ac20b000 	C:\Windows\System32\sechost.dll
0x00007ff8aac80000 - 0x00007ff8aadaa000 	C:\Windows\System32\RPCRT4.dll
0x00007ff8ab030000 - 0x00007ff8ab1d0000 	C:\Windows\System32\USER32.dll
0x00007ff8a9d30000 - 0x00007ff8a9d52000 	C:\Windows\System32\win32u.dll
0x00007ff8abb30000 - 0x00007ff8abb5a000 	C:\Windows\System32\GDI32.dll
0x00007ff8a9af0000 - 0x00007ff8a9bfb000 	C:\Windows\System32\gdi32full.dll
0x00007ff8a9e10000 - 0x00007ff8a9ead000 	C:\Windows\System32\msvcp_win.dll
0x00007ff8a9c00000 - 0x00007ff8a9d00000 	C:\Windows\System32\ucrtbase.dll
0x00007ff892360000 - 0x00007ff8925fa000 	C:\Windows\WinSxS\amd64_microsoft.windows.common-controls_6595b64144ccf1df_6.0.19041.1110_none_60b5254171f9507e\COMCTL32.dll
0x00007ff8ab3b0000 - 0x00007ff8ab3e0000 	C:\Windows\System32\IMM32.DLL
0x00007ff887a00000 - 0x00007ff887a15000 	C:\Program Files\Java\jdk1.8.0_291\jre\bin\vcruntime140.dll
0x00007ff86d1d0000 - 0x00007ff86d26b000 	C:\Program Files\Java\jdk1.8.0_291\jre\bin\msvcp140.dll
0x0000000063240000 - 0x0000000063aa0000 	C:\Program Files\Java\jdk1.8.0_291\jre\bin\server\jvm.dll
0x00007ff8ab340000 - 0x00007ff8ab348000 	C:\Windows\System32\PSAPI.DLL
0x00007ff890010000 - 0x00007ff890019000 	C:\Windows\SYSTEM32\WSOCK32.dll
0x00007ff8aadb0000 - 0x00007ff8aae1b000 	C:\Windows\System32\WS2_32.dll
0x00007ff8a7930000 - 0x00007ff8a7957000 	C:\Windows\SYSTEM32\WINMM.dll
0x00007ff8a3100000 - 0x00007ff8a310a000 	C:\Windows\SYSTEM32\VERSION.dll
0x00007ff8a83c0000 - 0x00007ff8a83d2000 	C:\Windows\SYSTEM32\kernel.appcore.dll
0x00007ff88fbe0000 - 0x00007ff88fbf0000 	C:\Program Files\Java\jdk1.8.0_291\jre\bin\verify.dll
0x00007ff871150000 - 0x00007ff87117b000 	C:\Program Files\Java\jdk1.8.0_291\jre\bin\java.dll
0x00007ff8724d0000 - 0x00007ff8724e8000 	C:\Program Files\Java\jdk1.8.0_291\jre\bin\zip.dll
0x00007ff8ab3f0000 - 0x00007ff8abb2f000 	C:\Windows\System32\SHELL32.dll
0x00007ff8a7bc0000 - 0x00007ff8a8351000 	C:\Windows\SYSTEM32\windows.storage.dll
0x00007ff8aa7f0000 - 0x00007ff8aab45000 	C:\Windows\System32\combase.dll
0x00007ff8a9560000 - 0x00007ff8a958c000 	C:\Windows\SYSTEM32\Wldp.dll
0x00007ff8ac210000 - 0x00007ff8ac2be000 	C:\Windows\System32\SHCORE.dll
0x00007ff8ab2e0000 - 0x00007ff8ab335000 	C:\Windows\System32\shlwapi.dll
0x00007ff8a9a30000 - 0x00007ff8a9a4f000 	C:\Windows\SYSTEM32\profapi.dll
0x00007ff86cea0000 - 0x00007ff86cebc000 	C:\Program Files\Java\jdk1.8.0_291\jre\bin\net.dll
0x00007ff8a92c0000 - 0x00007ff8a932a000 	C:\Windows\system32\mswsock.dll
0x00007ff86cc50000 - 0x00007ff86cc63000 	C:\Program Files\Java\jdk1.8.0_291\jre\bin\nio.dll
0x00007ff869df0000 - 0x00007ff869e17000 	C:\Users\DELL\.gradle\native\f6784746aeab05261644944871eae4fe03e0ef1612fff0a4a95f87b438bc6780\windows-amd64\native-platform.dll
0x00007ff881f40000 - 0x00007ff881f4d000 	C:\Program Files\Java\jdk1.8.0_291\jre\bin\management.dll
0x00007ff8a94a0000 - 0x00007ff8a94b8000 	C:\Windows\SYSTEM32\CRYPTSP.dll
0x00007ff8a8bc0000 - 0x00007ff8a8bf4000 	C:\Windows\system32\rsaenh.dll
0x00007ff8a9d00000 - 0x00007ff8a9d27000 	C:\Windows\System32\bcrypt.dll
0x00007ff8a99f0000 - 0x00007ff8a9a1e000 	C:\Windows\SYSTEM32\USERENV.dll
0x00007ff8aa330000 - 0x00007ff8aa3b3000 	C:\Windows\System32\bcryptprimitives.dll
0x00007ff8a94c0000 - 0x00007ff8a94cc000 	C:\Windows\SYSTEM32\CRYPTBASE.dll
0x00007ff8a8f40000 - 0x00007ff8a8f7b000 	C:\Windows\SYSTEM32\IPHLPAPI.DLL
0x00007ff8ab2d0000 - 0x00007ff8ab2d8000 	C:\Windows\System32\NSI.dll
0x00007ff89e560000 - 0x00007ff89e577000 	C:\Windows\SYSTEM32\dhcpcsvc6.DLL
0x00007ff89e540000 - 0x00007ff89e55d000 	C:\Windows\SYSTEM32\dhcpcsvc.DLL
0x00007ff8a8fa0000 - 0x00007ff8a906c000 	C:\Windows\SYSTEM32\DNSAPI.dll
0x00007ff8a0ab0000 - 0x00007ff8a0abb000 	C:\Windows\SYSTEM32\WINNSI.DLL

VM Arguments:
jvm_args: -Xmx2048m -Dfile.encoding=UTF-8 -Duser.country=EC -Duser.language=es -Duser.variant 
java_command: org.gradle.launcher.daemon.bootstrap.GradleDaemon 6.5
java_class_path (initial): C:\Users\DELL\.gradle\wrapper\dists\gradle-6.5-bin\6nifqtx7604sqp1q6g8wikw7p\gradle-6.5\lib\gradle-launcher-6.5.jar
Launcher Type: SUN_STANDARD

Environment Variables:
JAVA_HOME=C:\Program Files\Java\jdk1.8.0_291
PATH=C:\Program Files (x86)\Common Files\Oracle\Java\javapath;C:\Windows\system32;C:\Windows;C:\Windows\System32\Wbem;C:\Windows\System32\WindowsPowerShell\v1.0\;C:\Windows\System32\OpenSSH\;C:\Program Files\nodejs\;C:\Program Files\Java\jdk1.8.0_291\bin;C:\ProgramasNoInstalables\apache-maven-3.6.1\bin;C:\Program Files\Git\cmd;C:\Program Files\MariaDB 10.5\bin;C:\Program Files (x86)\Microsoft SQL Server\150\DTS\Binn\;C:\Program Files\Azure Data Studio\bin;C:\Program Files (x86)\Calibre2\;C:\ProgramasNoInstalables\ffmpeg\bin;C:\Users\DELL\AppData\Local\Microsoft\WindowsApps;C:\Users\DELL\AppData\Roaming\npm;C:\Users\DELL\AppData\Local\Programs\Microsoft VS Code\bin;C:\Program Files\Azure Data Studio\bin
USERNAME=DELL
OS=Windows_NT
PROCESSOR_IDENTIFIER=Intel64 Family 6 Model 140 Stepping 1, GenuineIntel



---------------  S Y S T E M  ---------------

OS: Windows 10.0 , 64 bit Build 19041 (10.0.19041.1023)

CPU:total 8 (initial active 8) (4 cores per cpu, 2 threads per core) family 6 model 140 stepping 1, cmov, cx8, fxsr, mmx, sse, sse2, sse3, ssse3, sse4.1, sse4.2, popcnt, avx, avx2, aes, clmul, erms, 3dnowpref, lzcnt, ht, tsc, tscinvbit, bmi1, bmi2, adx

Memory: 4k page, physical 16493352k(3283780k free), swap 19565352k(4232k free)

vm_info: Java HotSpot(TM) 64-Bit Server VM (25.291-b10) for windows-amd64 JRE (1.8.0_291-b10), built on Apr  9 2021 00:02:00 by "java_re" with MS VC++ 15.9 (VS2017)

time: Tue Jul 27 17:45:18 2021
timezone: Hora est. Pacífico, Sudamérica
elapsed time: 4.450102 seconds (0d 0h 0m 4s)

